2023-12-22 01:10:13.261 [main] INFO  com.solvd.law_office.Main - Inserting data into Association_Bars Table
2023-12-22 01:10:13.296 [main] INFO  com.solvd.law_office.dao.impl.AssociationBarRepositoryImpl - Number of rows inserted: 1
2023-12-22 01:10:13.300 [main] INFO  com.solvd.law_office.dao.impl.AssociationBarRepositoryImpl - Number of rows inserted: 1
2023-12-22 01:10:13.303 [main] INFO  com.solvd.law_office.dao.impl.AssociationBarRepositoryImpl - Number of rows inserted: 1
2023-12-22 01:10:13.306 [main] INFO  com.solvd.law_office.dao.impl.AssociationBarRepositoryImpl - Number of rows inserted: 1
2023-12-22 01:10:13.309 [main] INFO  com.solvd.law_office.dao.impl.AssociationBarRepositoryImpl - Number of rows inserted: 1
2023-12-22 01:10:13.309 [main] INFO  com.solvd.law_office.Main - Inserting data into Law_firms, Attorneys, AttorneyAssociationBar Tables
2023-12-22 01:10:13.318 [main] INFO  com.solvd.law_office.dao.impl.LawFirmRepositoryImpl - No of Record inserted: 1
2023-12-22 01:10:13.323 [main] INFO  com.solvd.law_office.dao.impl.AttorneyRepositoryImpl - Number of rows inserted: 1
2023-12-22 01:10:13.327 [main] INFO  com.solvd.law_office.dao.impl.AttorneyRepositoryImpl - Number of rows inserted: 1
2023-12-22 01:10:13.330 [main] INFO  com.solvd.law_office.dao.impl.LawFirmRepositoryImpl - No of Record inserted: 1
2023-12-22 01:10:13.334 [main] INFO  com.solvd.law_office.dao.impl.AttorneyRepositoryImpl - Number of rows inserted: 1
2023-12-22 01:10:13.338 [main] INFO  com.solvd.law_office.dao.impl.AttorneyAssociationBarRepositoryImpl - Number of rows inserted: 1
2023-12-22 01:10:13.343 [main] INFO  com.solvd.law_office.dao.impl.AttorneyAssociationBarRepositoryImpl - Number of rows inserted: 1
2023-12-22 01:10:13.347 [main] INFO  com.solvd.law_office.dao.impl.AttorneyRepositoryImpl - Number of rows inserted: 1
2023-12-22 01:10:13.351 [main] INFO  com.solvd.law_office.dao.impl.AttorneyAssociationBarRepositoryImpl - Number of rows inserted: 1
2023-12-22 01:10:13.355 [main] INFO  com.solvd.law_office.dao.impl.AttorneyAssociationBarRepositoryImpl - Number of rows inserted: 1
2023-12-22 01:10:13.356 [main] INFO  com.solvd.law_office.Main - **********************
2023-12-22 01:10:13.356 [main] INFO  com.solvd.law_office.Main - Displaying LawFirms Table
2023-12-22 01:10:13.378 [main] INFO  com.solvd.law_office.Main - Law Firm Id: 100
2023-12-22 01:10:13.379 [main] INFO  com.solvd.law_office.Main - Law Firm Name: Amarchand Co
2023-12-22 01:10:13.380 [main] INFO  com.solvd.law_office.Main - Address: 14th Ava street
2023-12-22 01:10:13.380 [main] INFO  com.solvd.law_office.Main - City: Charlotte
2023-12-22 01:10:13.380 [main] INFO  com.solvd.law_office.Main - --------------
2023-12-22 01:10:13.381 [main] INFO  com.solvd.law_office.Main - Law Firm Id: 101
2023-12-22 01:10:13.381 [main] INFO  com.solvd.law_office.Main - Law Firm Name: Anand & Anand
2023-12-22 01:10:13.381 [main] INFO  com.solvd.law_office.Main - Address: 90 BROADWAY LANE
2023-12-22 01:10:13.382 [main] INFO  com.solvd.law_office.Main - City: ohio
2023-12-22 01:10:13.382 [main] INFO  com.solvd.law_office.Main - --------------
2023-12-22 01:10:13.382 [main] INFO  com.solvd.law_office.Main - **********************
2023-12-22 01:10:13.383 [main] INFO  com.solvd.law_office.Main - Displaying Attorney Table
2023-12-22 01:10:13.386 [main] INFO  com.solvd.law_office.Main - Attorney Id: 1000
2023-12-22 01:10:13.387 [main] INFO  com.solvd.law_office.Main - Attorney Name: Lakshmi
2023-12-22 01:10:13.387 [main] INFO  com.solvd.law_office.Main - Address: USA
2023-12-22 01:10:13.388 [main] INFO  com.solvd.law_office.Main - City: cincinnati
2023-12-22 01:10:13.389 [main] INFO  com.solvd.law_office.Main - Attorney Law Firm: 101
2023-12-22 01:10:13.389 [main] INFO  com.solvd.law_office.Main - --------------
2023-12-22 01:10:13.390 [main] INFO  com.solvd.law_office.Main - Attorney Id: 1001
2023-12-22 01:10:13.390 [main] INFO  com.solvd.law_office.Main - Attorney Name: Nithya
2023-12-22 01:10:13.391 [main] INFO  com.solvd.law_office.Main - Address: USA
2023-12-22 01:10:13.391 [main] INFO  com.solvd.law_office.Main - City: Dayton
2023-12-22 01:10:13.391 [main] INFO  com.solvd.law_office.Main - Attorney Law Firm: 101
2023-12-22 01:10:13.392 [main] INFO  com.solvd.law_office.Main - --------------
2023-12-22 01:10:13.392 [main] INFO  com.solvd.law_office.Main - Attorney Id: 1002
2023-12-22 01:10:13.393 [main] INFO  com.solvd.law_office.Main - Attorney Name: Kanmani
2023-12-22 01:10:13.393 [main] INFO  com.solvd.law_office.Main - Address: USA
2023-12-22 01:10:13.394 [main] INFO  com.solvd.law_office.Main - City: Charlotte
2023-12-22 01:10:13.394 [main] INFO  com.solvd.law_office.Main - Attorney Law Firm: 100
2023-12-22 01:10:13.395 [main] INFO  com.solvd.law_office.Main - --------------
2023-12-22 01:10:13.395 [main] INFO  com.solvd.law_office.Main - Attorney Id: 1003
2023-12-22 01:10:13.395 [main] INFO  com.solvd.law_office.Main - Attorney Name: Kavitha
2023-12-22 01:10:13.396 [main] INFO  com.solvd.law_office.Main - Address: USA
2023-12-22 01:10:13.396 [main] INFO  com.solvd.law_office.Main - City: Harrisburg
2023-12-22 01:10:13.396 [main] INFO  com.solvd.law_office.Main - Attorney Law Firm: 100
2023-12-22 01:10:13.397 [main] INFO  com.solvd.law_office.Main - --------------
2023-12-22 01:10:13.397 [main] INFO  com.solvd.law_office.Main - **********************
